Release 14.7 - xst P.20131013 (nt64)
Copyright (c) 1995-2013 Xilinx, Inc.  All rights reserved.
--> Parameter TMPDIR set to xst/projnav.tmp


Total REAL time to Xst completion: 0.00 secs
Total CPU time to Xst completion: 0.15 secs
 
--> Parameter xsthdpdir set to xst


Total REAL time to Xst completion: 0.00 secs
Total CPU time to Xst completion: 0.15 secs
 
--> Reading design: CAM.prj

TABLE OF CONTENTS
  1) Synthesis Options Summary
  2) HDL Compilation
  3) Design Hierarchy Analysis
  4) HDL Analysis
  5) HDL Synthesis
     5.1) HDL Synthesis Report
  6) Advanced HDL Synthesis
     6.1) Advanced HDL Synthesis Report
  7) Low Level Synthesis
  8) Partition Report
  9) Final Report
	9.1) Device utilization summary
	9.2) Partition Resource Summary
	9.3) TIMING REPORT


=========================================================================
*                      Synthesis Options Summary                        *
=========================================================================
---- Source Parameters
Input File Name                    : "CAM.prj"
Input Format                       : mixed
Ignore Synthesis Constraint File   : NO

---- Target Parameters
Output File Name                   : "CAM"
Output Format                      : NGC
Target Device                      : xc3s400-5-pq208

---- Source Options
Top Module Name                    : CAM
Automatic FSM Extraction           : YES
FSM Encoding Algorithm             : Auto
Safe Implementation                : No
FSM Style                          : LUT
RAM Extraction                     : Yes
RAM Style                          : Auto
ROM Extraction                     : Yes
Mux Style                          : Auto
Decoder Extraction                 : YES
Priority Encoder Extraction        : Yes
Shift Register Extraction          : YES
Logical Shifter Extraction         : YES
XOR Collapsing                     : YES
ROM Style                          : Auto
Mux Extraction                     : Yes
Resource Sharing                   : YES
Asynchronous To Synchronous        : NO
Multiplier Style                   : Auto
Automatic Register Balancing       : No

---- Target Options
Add IO Buffers                     : YES
Global Maximum Fanout              : 100000
Add Generic Clock Buffer(BUFG)     : 8
Register Duplication               : YES
Slice Packing                      : YES
Optimize Instantiated Primitives   : NO
Use Clock Enable                   : Yes
Use Synchronous Set                : Yes
Use Synchronous Reset              : Yes
Pack IO Registers into IOBs        : Auto
Equivalent register Removal        : YES

---- General Options
Optimization Goal                  : Speed
Optimization Effort                : 1
Keep Hierarchy                     : No
Netlist Hierarchy                  : As_Optimized
RTL Output                         : Yes
Global Optimization                : AllClockNets
Read Cores                         : YES
Write Timing Constraints           : NO
Cross Clock Analysis               : NO
Hierarchy Separator                : /
Bus Delimiter                      : <>
Case Specifier                     : Maintain
Slice Utilization Ratio            : 100
BRAM Utilization Ratio             : 100
Verilog 2001                       : YES
Auto BRAM Packing                  : NO
Slice Utilization Ratio Delta      : 5

=========================================================================


=========================================================================
*                          HDL Compilation                              *
=========================================================================
Compiling vhdl file "C:/Users/MRSH/Documents/az/memories/CAM.vhd" in Library work.
Entity <cam> compiled.
Entity <cam> (Architecture <behavioral>) compiled.

=========================================================================
*                     Design Hierarchy Analysis                         *
=========================================================================
Analyzing hierarchy for entity <CAM> in library <work> (architecture <behavioral>) with generics.
	C = 4
	W = 4


=========================================================================
*                            HDL Analysis                               *
=========================================================================
Analyzing generic Entity <CAM> in library <work> (Architecture <behavioral>).
	C = 4
	W = 4
Entity <CAM> analyzed. Unit <CAM> generated.


=========================================================================
*                           HDL Synthesis                               *
=========================================================================

Performing bidirectional port resolution...

Synthesizing Unit <CAM>.
    Related source file is "C:/Users/MRSH/Documents/az/memories/CAM.vhd".
    Found 1-bit register for signal <Match>.
    Found 64-bit register for signal <cam>.
    Found 1-bit register for signal <check>.
    Found 4-bit comparator equal for signal <check$cmp_eq0000> created at line 69.
    Found 4-bit comparator equal for signal <check$cmp_eq0001> created at line 69.
    Found 4-bit comparator equal for signal <check$cmp_eq0002> created at line 69.
    Found 4-bit comparator equal for signal <check$cmp_eq0003> created at line 69.
    Found 4-bit comparator equal for signal <check$cmp_eq0004> created at line 69.
    Found 4-bit comparator equal for signal <check$cmp_eq0005> created at line 69.
    Found 4-bit comparator equal for signal <check$cmp_eq0006> created at line 69.
    Found 4-bit comparator equal for signal <check$cmp_eq0007> created at line 69.
    Found 4-bit comparator equal for signal <check$cmp_eq0008> created at line 69.
    Found 4-bit comparator equal for signal <check$cmp_eq0009> created at line 69.
    Found 4-bit comparator equal for signal <check$cmp_eq0010> created at line 69.
    Found 4-bit comparator equal for signal <check$cmp_eq0011> created at line 69.
    Found 4-bit comparator equal for signal <check$cmp_eq0012> created at line 69.
    Found 4-bit comparator equal for signal <check$cmp_eq0013> created at line 69.
    Found 4-bit comparator equal for signal <check$cmp_eq0014> created at line 69.
    Found 4-bit comparator equal for signal <check$cmp_eq0015> created at line 69.
    Found 4-bit comparator not equal for signal <Match$cmp_ne0000> created at line 85.
    Found 4-bit comparator not equal for signal <Match$cmp_ne0001> created at line 85.
    Found 4-bit comparator not equal for signal <Match$cmp_ne0002> created at line 85.
    Found 4-bit comparator not equal for signal <Match$cmp_ne0003> created at line 85.
    Found 4-bit comparator not equal for signal <Match$cmp_ne0004> created at line 85.
    Found 4-bit comparator not equal for signal <Match$cmp_ne0005> created at line 85.
    Found 4-bit comparator not equal for signal <Match$cmp_ne0006> created at line 85.
    Found 4-bit comparator not equal for signal <Match$cmp_ne0007> created at line 85.
    Found 4-bit comparator not equal for signal <Match$cmp_ne0008> created at line 85.
    Found 4-bit comparator not equal for signal <Match$cmp_ne0009> created at line 85.
    Found 4-bit comparator not equal for signal <Match$cmp_ne0010> created at line 85.
    Found 4-bit comparator not equal for signal <Match$cmp_ne0011> created at line 85.
    Found 4-bit comparator not equal for signal <Match$cmp_ne0012> created at line 85.
    Found 4-bit comparator not equal for signal <Match$cmp_ne0013> created at line 85.
    Found 4-bit comparator not equal for signal <Match$cmp_ne0014> created at line 85.
    Found 4-bit comparator not equal for signal <Match$cmp_ne0015> created at line 85.
    Found 16-bit register for signal <valid>.
    Summary:
	inferred  82 D-type flip-flop(s).
	inferred  32 Comparator(s).
Unit <CAM> synthesized.


=========================================================================
HDL Synthesis Report

Macro Statistics
# Registers                                            : 34
 1-bit register                                        : 18
 4-bit register                                        : 16
# Comparators                                          : 32
 4-bit comparator equal                                : 16
 4-bit comparator not equal                            : 16

=========================================================================

=========================================================================
*                       Advanced HDL Synthesis                          *
=========================================================================


=========================================================================
Advanced HDL Synthesis Report

Macro Statistics
# Registers                                            : 82
 Flip-Flops                                            : 82
# Comparators                                          : 32
 4-bit comparator equal                                : 16
 4-bit comparator not equal                            : 16

=========================================================================

=========================================================================
*                         Low Level Synthesis                           *
=========================================================================

Optimizing unit <CAM> ...

Mapping all equations...
Building and optimizing final netlist ...
Found area constraint ratio of 100 (+ 5) on block CAM, actual ratio is 2.

Final Macro Processing ...

=========================================================================
Final Register Report

Macro Statistics
# Registers                                            : 82
 Flip-Flops                                            : 82

=========================================================================

=========================================================================
*                           Partition Report                            *
=========================================================================

Partition Implementation Status
-------------------------------

  No Partitions were found in this design.

-------------------------------

=========================================================================
*                            Final Report                               *
=========================================================================
Final Results
RTL Top Level Output File Name     : CAM.ngr
Top Level Output File Name         : CAM
Output Format                      : NGC
Optimization Goal                  : Speed
Keep Hierarchy                     : No

Design Statistics
# IOs                              : 9

Cell Usage :
# BELS                             : 107
#      GND                         : 1
#      INV                         : 1
#      LUT2                        : 11
#      LUT3                        : 21
#      LUT3_D                      : 1
#      LUT3_L                      : 12
#      LUT4                        : 51
#      LUT4_D                      : 5
#      LUT4_L                      : 4
# FlipFlops/Latches                : 82
#      FDCE                        : 1
#      FDE                         : 65
#      FDPE                        : 16
# Clock Buffers                    : 1
#      BUFGP                       : 1
# IO Buffers                       : 8
#      IBUF                        : 7
#      OBUF                        : 1
=========================================================================

Device utilization summary:
---------------------------

Selected Device : 3s400pq208-5 

 Number of Slices:                       76  out of   3584     2%  
 Number of Slice Flip Flops:             82  out of   7168     1%  
 Number of 4 input LUTs:                106  out of   7168     1%  
 Number of IOs:                           9
 Number of bonded IOBs:                   9  out of    141     6%  
 Number of GCLKs:                         1  out of      8    12%  

---------------------------
Partition Resource Summary:
---------------------------

  No Partitions were found in this design.

---------------------------


=========================================================================
TIMING REPORT

NOTE: THESE TIMING NUMBERS ARE ONLY A SYNTHESIS ESTIMATE.
      FOR ACCURATE TIMING INFORMATION PLEASE REFER TO THE TRACE REPORT
      GENERATED AFTER PLACE-and-ROUTE.

Clock Information:
------------------
-----------------------------------+------------------------+-------+
Clock Signal                       | Clock buffer(FF name)  | Load  |
-----------------------------------+------------------------+-------+
CLK                                | BUFGP                  | 82    |
-----------------------------------+------------------------+-------+

Asynchronous Control Signals Information:
----------------------------------------
-----------------------------------+------------------------+-------+
Control Signal                     | Buffer(FF name)        | Load  |
-----------------------------------+------------------------+-------+
Reset_inv(Reset_inv1_INV_0:O)      | NONE(Match)            | 17    |
-----------------------------------+------------------------+-------+

Timing Summary:
---------------
Speed Grade: -5

   Minimum period: 8.337ns (Maximum Frequency: 119.952MHz)
   Minimum input arrival time before clock: 9.556ns
   Maximum output required time after clock: 6.216ns
   Maximum combinational path delay: No path found

Timing Detail:
--------------
All values displayed in nanoseconds (ns)

=========================================================================
Timing constraint: Default period analysis for Clock 'CLK'
  Clock period: 8.337ns (frequency: 119.952MHz)
  Total number of paths / destination ports: 920 / 82
-------------------------------------------------------------------------
Delay:               8.337ns (Levels of Logic = 5)
  Source:            cam_9_0 (FF)
  Destination:       Match (FF)
  Source Clock:      CLK rising
  Destination Clock: CLK rising

  Data Path: cam_9_0 to Match
                                Gate     Net
    Cell:in->out      fanout   Delay   Delay  Logical Name (Net Name)
    ----------------------------------------  ------------
     FDE:C->Q              1   0.626   0.740  cam_9_0 (cam_9_0)
     LUT4:I2->O            1   0.479   0.740  check_mux00181136 (check_mux00181136)
     LUT4:I2->O            1   0.479   0.851  check_mux00181174 (check_mux00181174)
     LUT4:I1->O            1   0.479   0.976  check_mux00181366 (check_mux00181366)
     LUT4:I0->O            2   0.479   0.804  check_mux00181388 (check_mux0018)
     LUT3:I2->O            1   0.479   0.681  Match_not00011 (Match_not0001)
     FDCE:CE                   0.524          Match
    ----------------------------------------
    Total                      8.337ns (3.545ns logic, 4.792ns route)
                                       (42.5% logic, 57.5% route)

=========================================================================
Timing constraint: Default OFFSET IN BEFORE for Clock 'CLK'
  Total number of paths / destination ports: 423 / 148
-------------------------------------------------------------------------
Offset:              9.556ns (Levels of Logic = 6)
  Source:            Data<0> (PAD)
  Destination:       Match (FF)
  Destination Clock: CLK rising

  Data Path: Data<0> to Match
                                Gate     Net
    Cell:in->out      fanout   Delay   Delay  Logical Name (Net Name)
    ----------------------------------------  ------------
     IBUF:I->O            32   0.715   1.870  Data_0_IBUF (Data_0_IBUF)
     LUT4:I0->O            1   0.479   0.740  check_mux0018719 (check_mux0018719)
     LUT4:I2->O            1   0.479   0.976  check_mux0018757 (check_mux0018757)
     LUT4:I0->O            1   0.479   0.851  check_mux00181025 (check_mux00181025)
     LUT4:I1->O            2   0.479   0.804  check_mux00181388 (check_mux0018)
     LUT3:I2->O            1   0.479   0.681  Match_not00011 (Match_not0001)
     FDCE:CE                   0.524          Match
    ----------------------------------------
    Total                      9.556ns (3.634ns logic, 5.922ns route)
                                       (38.0% logic, 62.0% route)

=========================================================================
Timing constraint: Default OFFSET OUT AFTER for Clock 'CLK'
  Total number of paths / destination ports: 1 / 1
-------------------------------------------------------------------------
Offset:              6.216ns (Levels of Logic = 1)
  Source:            Match (FF)
  Destination:       Match (PAD)
  Source Clock:      CLK rising

  Data Path: Match to Match
                                Gate     Net
    Cell:in->out      fanout   Delay   Delay  Logical Name (Net Name)
    ----------------------------------------  ------------
     FDCE:C->Q             1   0.626   0.681  Match (Match_OBUF)
     OBUF:I->O                 4.909          Match_OBUF (Match)
    ----------------------------------------
    Total                      6.216ns (5.535ns logic, 0.681ns route)
                                       (89.0% logic, 11.0% route)

=========================================================================


Total REAL time to Xst completion: 7.00 secs
Total CPU time to Xst completion: 6.76 secs
 
--> 

Total memory usage is 4511188 kilobytes

Number of errors   :    0 (   0 filtered)
Number of warnings :    0 (   0 filtered)
Number of infos    :    0 (   0 filtered)

