--------------------------------------------------------------------------------
Release 14.7 Trace  (nt64)
Copyright (c) 1995-2013 Xilinx, Inc.  All rights reserved.

C:\Xilinx\14.7\ISE_DS\ISE\bin\nt64\unwrapped\trce.exe -intstyle ise -v 3 -s 5
-n 3 -fastpaths -xml Dual_RAM.twx Dual_RAM.ncd -o Dual_RAM.twr Dual_RAM.pcf

Design file:              Dual_RAM.ncd
Physical constraint file: Dual_RAM.pcf
Device,package,speed:     xc3s400,pq208,-5 (PRODUCTION 1.39 2013-10-13)
Report level:             verbose report

Environment Variable      Effect 
--------------------      ------ 
NONE                      No environment variables were set
--------------------------------------------------------------------------------

INFO:Timing:2698 - No timing constraints found, doing default enumeration.
INFO:Timing:3412 - To improve timing, see the Timing Closure User Guide (UG612).
INFO:Timing:2752 - To get complete path coverage, use the unconstrained paths 
   option. All paths that are not constrained will be reported in the 
   unconstrained paths section(s) of the report.
INFO:Timing:3339 - The clock-to-out numbers in this timing report are based on 
   a 50 Ohm transmission line loading model.  For the details of this model, 
   and for more information on accounting for different loading conditions, 
   please see the device datasheet.
INFO:Timing:3390 - This architecture does not support a default System Jitter 
   value, please add SYSTEM_JITTER constraint to the UCF to modify the Clock 
   Uncertainty calculation.
INFO:Timing:3389 - This architecture does not support 'Discrete Jitter' and 
   'Phase Error' calculations, these terms will be zero in the Clock 
   Uncertainty calculation.  Please make appropriate modification to 
   SYSTEM_JITTER to account for the unsupported Discrete Jitter and Phase 
   Error.



Data Sheet report:
-----------------
All values displayed in nanoseconds (ns)

Setup/Hold to clock CLK
------------+------------+------------+------------------+--------+
            |Max Setup to|Max Hold to |                  | Clock  |
Source      | clk (edge) | clk (edge) |Internal Clock(s) | Phase  |
------------+------------+------------+------------------+--------+
Addr<0>     |    3.511(R)|   -0.117(R)|CLK_BUFGP         |   0.000|
Addr<1>     |    4.043(R)|   -0.189(R)|CLK_BUFGP         |   0.000|
Addr<2>     |    4.554(R)|    0.200(R)|CLK_BUFGP         |   0.000|
Addr<3>     |    3.953(R)|    0.430(R)|CLK_BUFGP         |   0.000|
Data_in<0>  |    1.405(R)|    0.769(R)|CLK_BUFGP         |   0.000|
Data_in<1>  |    1.659(R)|    0.702(R)|CLK_BUFGP         |   0.000|
Data_in<2>  |    1.323(R)|    0.772(R)|CLK_BUFGP         |   0.000|
Data_in<3>  |    1.541(R)|    1.026(R)|CLK_BUFGP         |   0.000|
RD          |    2.735(R)|   -0.386(R)|CLK_BUFGP         |   0.000|
Reset       |    2.646(R)|   -0.314(R)|CLK_BUFGP         |   0.000|
WR          |    3.734(R)|   -0.212(R)|CLK_BUFGP         |   0.000|
------------+------------+------------+------------------+--------+

Clock CLK to Pad
------------+------------+------------------+--------+
            | clk (edge) |                  | Clock  |
Destination |   to PAD   |Internal Clock(s) | Phase  |
------------+------------+------------------+--------+
Data_out<0> |    7.906(R)|CLK_BUFGP         |   0.000|
Data_out<1> |    7.911(R)|CLK_BUFGP         |   0.000|
Data_out<2> |    7.607(R)|CLK_BUFGP         |   0.000|
Data_out<3> |    7.910(R)|CLK_BUFGP         |   0.000|
------------+------------+------------------+--------+

Clock to Setup on destination clock CLK
---------------+---------+---------+---------+---------+
               | Src:Rise| Src:Fall| Src:Rise| Src:Fall|
Source Clock   |Dest:Rise|Dest:Rise|Dest:Fall|Dest:Fall|
---------------+---------+---------+---------+---------+
CLK            |    3.039|         |         |         |
---------------+---------+---------+---------+---------+


Analysis completed Sun Nov 15 14:25:16 2020 
--------------------------------------------------------------------------------

Trace Settings:
-------------------------
Trace Settings 

Peak Memory Usage: 4480 MB



